<?xml version="1.0" encoding="utf-8" standalone="no"?>
<!--This file represents the results of running a test suite-->
<test-results name="/home/remi/projects/mooget/bin/Debug/MooGet.Specs.dll" total="1" errors="0" failures="0" not-run="0" inconclusive="0" ignored="0" skipped="0" invalid="0" date="2010-12-15" time="22:28:58">
  <environment nunit-version="2.5.8.10295" clr-version="2.0.50727.1433" os-version="Unix 2.6.35.23" platform="Unix" cwd="/home/remi/projects/mooget" machine-name="ninamori" user="remi" user-domain="ninamori" />
  <culture-info current-culture="en-US" current-uiculture="en-US" />
  <test-suite type="Assembly" name="/home/remi/projects/mooget/bin/Debug/MooGet.Specs.dll" executed="True" result="Success" success="True" time="0.075" asserts="0">
    <results>
      <test-suite type="Namespace" name="MooGet" executed="True" result="Success" success="True" time="0.054" asserts="0">
        <results>
          <test-suite type="Namespace" name="Specs" executed="True" result="Success" success="True" time="0.054" asserts="0">
            <results>
              <test-suite type="TestFixture" name="Parsing_packages_from_feed" executed="True" result="Success" success="True" time="0.053" asserts="0">
                <results>
                  <test-case name="MooGet.Specs.Parsing_packages_from_feed.Can_get_packages_from_a_feed_string" executed="True" result="Success" success="True" time="0.044" asserts="3" />
                </results>
              </test-suite>
            </results>
          </test-suite>
        </results>
      </test-suite>
    </results>
  </test-suite>
</test-results>